#
# A fatal error has been detected by the Java Runtime Environment:
#
#  Internal Error (0xc06d007e), pid=16232, tid=0x00000000000053dc
#
# JRE version: Java(TM) SE Runtime Environment (8.0_161-b12) (build 1.8.0_161-b12)
# Java VM: Java HotSpot(TM) 64-Bit Server VM (25.161-b12 mixed mode windows-amd64 compressed oops)
# Problematic frame:
# C  [KERNELBASE.dll+0x34ed9]
#
# Failed to write core dump. Minidumps are not enabled by default on client versions of Windows
#
# If you would like to submit a bug report, please visit:
#   http://bugreport.java.com/bugreport/crash.jsp
# The crash happened outside the Java Virtual Machine in native code.
# See problematic frame for where to report the bug.
#

---------------  T H R E A D  ---------------

Current thread (0x0000000002d42800):  JavaThread "main" [_thread_in_native, id=21468, stack(0x0000000002c40000,0x0000000002d40000)]

siginfo: ExceptionCode=0xc06d007e, ExceptionInformation=0x0000000002d3bc80 

Registers:
RAX=0x00007ff839144aaa, RBX=0x0000000000000000, RCX=0x0000000000000000, RDX=0x0000000000000608
RSP=0x0000000002d3bb80, RBP=0x0000000002d3bcd8, RSI=0x0000000074e33178, RDI=0x0000000000000000
R8 =0x0000000000ebbba0, R9 =0x0000000000000000, R10=0x00007ff83918fc91, R11=0x0000000000000000
R12=0x0000000000000004, R13=0x0000000074e36370, R14=0x0000000074e36108, R15=0x0000000074e333e0
RIP=0x00007ff836894ed9, EFLAGS=0x0000000000000202

Top of Stack: (sp=0x0000000002d3bb80)
0x0000000002d3bb80:   0000000074e36370 0000000000000000
0x0000000002d3bb90:   0000000074e33178 0000000000000000
0x0000000002d3bba0:   00000000c06d007e 0000000000000000
0x0000000002d3bbb0:   00007ff836894ed9 00007ff800000001
0x0000000002d3bbc0:   0000000002d3bc80 0000000074e33178
0x0000000002d3bbd0:   0000000000000000 0000000000000000
0x0000000002d3bbe0:   0000000000000000 00007ff836893230
0x0000000002d3bbf0:   0000000000000000 0000000074e33178
0x0000000002d3bc00:   000000001c3e9ac8 0000000000000000
0x0000000002d3bc10:   0000000000000000 0000000000000000
0x0000000002d3bc20:   0000000074e32640 00007ff8368d8bcf
0x0000000002d3bc30:   0000000000000000 0000000002c00000
0x0000000002d3bc40:   0000e86b764ee058 00007ff83915b44d
0x0000000002d3bc50:   0000000000000000 0000000074e2ed6f
0x0000000002d3bc60:   0000000000000000 0000000074e33178
0x0000000002d3bc70:   0000000002c004e8 0000000002d3bc84 

Instructions: (pc=0x00007ff836894ed9)
0x00007ff836894eb9:   8b d1 44 0f 47 c0 44 89 44 24 38 49 c1 e0 03 e8
0x00007ff836894ec9:   3a d7 05 00 48 8d 4c 24 20 48 ff 15 6f ad 18 00
0x00007ff836894ed9:   0f 1f 44 00 00 48 8b 8c 24 c0 00 00 00 48 33 cc
0x00007ff836894ee9:   e8 42 97 05 00 48 81 c4 d8 00 00 00 c3 cc 83 64 


Register to memory mapping:

RAX=0x00007ff839144aaa is an unknown value
RBX=0x0000000000000000 is an unknown value
RCX=0x0000000000000000 is an unknown value
RDX=0x0000000000000608 is an unknown value
RSP=0x0000000002d3bb80 is pointing into the stack for thread: 0x0000000002d42800
RBP=0x0000000002d3bcd8 is pointing into the stack for thread: 0x0000000002d42800
RSI=0x0000000074e33178 is an unknown value
RDI=0x0000000000000000 is an unknown value
R8 =0x0000000000ebbba0 is an unknown value
R9 =0x0000000000000000 is an unknown value
R10=0x00007ff83918fc91 is an unknown value
R11=0x0000000000000000 is an unknown value
R12=0x0000000000000004 is an unknown value
R13=0x0000000074e36370 is an unknown value
R14=0x0000000074e36108 is an unknown value
R15=0x0000000074e333e0 is an unknown value


Stack: [0x0000000002c40000,0x0000000002d40000],  sp=0x0000000002d3bb80,  free space=1006k
Native frames: (J=compiled Java code, j=interpreted, Vv=VM code, C=native code)
C  [KERNELBASE.dll+0x34ed9]
C  [net.dll+0xed6f]
C  [net.dll+0xeae2]
C  [net.dll+0x5ae6]
C  [net.dll+0x6ab0]
C  [net.dll+0x6f97]
C  [net.dll+0x6178]
C  0x0000000002e58c67

Java frames: (J=compiled Java code, j=interpreted, Vv=VM code)
j  java.net.NetworkInterface.getAll()[Ljava/net/NetworkInterface;+0
j  java.net.NetworkInterface.getNetworkInterfaces()Ljava/util/Enumeration;+0
j  sun.security.provider.SeedGenerator.addNetworkAdapterInfo(Ljava/security/MessageDigest;)V+0
j  sun.security.provider.SeedGenerator.access$000(Ljava/security/MessageDigest;)V+1
j  sun.security.provider.SeedGenerator$1.run()Ljava/lang/Void;+61
j  sun.security.provider.SeedGenerator$1.run()Ljava/lang/Object;+1
v  ~StubRoutines::call_stub
j  java.security.AccessController.doPrivileged(Ljava/security/PrivilegedAction;)Ljava/lang/Object;+0
j  sun.security.provider.SeedGenerator.getSystemEntropy()[B+40
j  sun.security.provider.SecureRandom$SeederHolder.<clinit>()V+4
v  ~StubRoutines::call_stub
j  sun.security.provider.SecureRandom.engineNextBytes([B)V+21
j  java.security.SecureRandom.nextBytes([B)V+5
j  java.util.UUID.randomUUID()Ljava/util/UUID;+11
j  org.gradle.internal.id.UUIDGenerator.generateId()Ljava/util/UUID;+0
j  org.gradle.internal.id.UUIDGenerator.generateId()Ljava/lang/Object;+1
j  org.gradle.launcher.daemon.client.DaemonClient.execute(Lorg/gradle/internal/invocation/BuildAction;Lorg/gradle/initialization/BuildRequestContext;Lorg/gradle/launcher/exec/BuildActionParameters;Lorg/gradle/internal/service/ServiceRegistry;)Lorg/gradle/launcher/exec/BuildActionResult;+4
j  org.gradle.launcher.daemon.client.DaemonClient.execute(Lorg/gradle/internal/invocation/BuildAction;Lorg/gradle/initialization/BuildRequestContext;Ljava/lang/Object;Lorg/gradle/internal/service/ServiceRegistry;)Lorg/gradle/launcher/exec/BuildActionResult;+9
j  org.gradle.launcher.cli.RunBuildAction.run()V+78
j  org.gradle.internal.Actions$RunnableActionAdapter.execute(Ljava/lang/Object;)V+4
j  org.gradle.launcher.cli.DefaultCommandLineActionFactory$ParseAndBuildAction.execute(Lorg/gradle/launcher/bootstrap/ExecutionListener;)V+124
j  org.gradle.launcher.cli.DefaultCommandLineActionFactory$ParseAndBuildAction.execute(Ljava/lang/Object;)V+5
j  org.gradle.launcher.cli.DebugLoggerWarningAction.execute(Lorg/gradle/launcher/bootstrap/ExecutionListener;)V+9
j  org.gradle.launcher.cli.DebugLoggerWarningAction.execute(Ljava/lang/Object;)V+5
j  org.gradle.launcher.cli.WelcomeMessageAction.execute(Lorg/gradle/launcher/bootstrap/ExecutionListener;)V+211
j  org.gradle.launcher.cli.WelcomeMessageAction.execute(Ljava/lang/Object;)V+5
j  org.gradle.launcher.cli.NativeServicesInitializingAction.execute(Lorg/gradle/launcher/bootstrap/ExecutionListener;)V+33
j  org.gradle.launcher.cli.NativeServicesInitializingAction.execute(Ljava/lang/Object;)V+5
j  org.gradle.launcher.cli.ExceptionReportingAction.execute(Lorg/gradle/launcher/bootstrap/ExecutionListener;)V+5
j  org.gradle.launcher.cli.ExceptionReportingAction.execute(Ljava/lang/Object;)V+5
j  org.gradle.launcher.cli.DefaultCommandLineActionFactory$WithLogging.execute(Lorg/gradle/launcher/bootstrap/ExecutionListener;)V+349
j  org.gradle.launcher.Main.doAction([Ljava/lang/String;Lorg/gradle/launcher/bootstrap/ExecutionListener;)V+14
j  org.gradle.launcher.bootstrap.EntryPoint.run([Ljava/lang/String;)V+12
v  ~StubRoutines::call_stub
j  sun.reflect.NativeMethodAccessorImpl.invoke0(Ljava/lang/reflect/Method;Ljava/lang/Object;[Ljava/lang/Object;)Ljava/lang/Object;+0
j  sun.reflect.NativeMethodAccessorImpl.invoke(Ljava/lang/Object;[Ljava/lang/Object;)Ljava/lang/Object;+100
j  sun.reflect.DelegatingMethodAccessorImpl.invoke(Ljava/lang/Object;[Ljava/lang/Object;)Ljava/lang/Object;+6
j  java.lang.reflect.Method.invoke(Ljava/lang/Object;[Ljava/lang/Object;)Ljava/lang/Object;+56
j  org.gradle.launcher.bootstrap.ProcessBootstrap.runNoExit(Ljava/lang/String;[Ljava/lang/String;)V+161
j  org.gradle.launcher.bootstrap.ProcessBootstrap.run(Ljava/lang/String;[Ljava/lang/String;)V+3
j  org.gradle.launcher.GradleMain.main([Ljava/lang/String;)V+36
v  ~StubRoutines::call_stub
j  sun.reflect.NativeMethodAccessorImpl.invoke0(Ljava/lang/reflect/Method;Ljava/lang/Object;[Ljava/lang/Object;)Ljava/lang/Object;+0
j  sun.reflect.NativeMethodAccessorImpl.invoke(Ljava/lang/Object;[Ljava/lang/Object;)Ljava/lang/Object;+100
j  sun.reflect.DelegatingMethodAccessorImpl.invoke(Ljava/lang/Object;[Ljava/lang/Object;)Ljava/lang/Object;+6
j  java.lang.reflect.Method.invoke(Ljava/lang/Object;[Ljava/lang/Object;)Ljava/lang/Object;+56
j  org.gradle.wrapper.BootstrapMainStarter.start([Ljava/lang/String;Ljava/io/File;)V+82
j  org.gradle.wrapper.WrapperExecutor.execute([Ljava/lang/String;Lorg/gradle/wrapper/Install;Lorg/gradle/wrapper/BootstrapMainStarter;)V+14
j  org.gradle.wrapper.GradleWrapperMain.main([Ljava/lang/String;)V+188
v  ~StubRoutines::call_stub

---------------  P R O C E S S  ---------------

Java Threads: ( => current thread )
  0x000000001b3b1000 JavaThread "pool-1-thread-1" [_thread_blocked, id=14572, stack(0x000000001c2c0000,0x000000001c3c0000)]
  0x0000000019db8800 JavaThread "Service Thread" daemon [_thread_blocked, id=24652, stack(0x000000001a8f0000,0x000000001a9f0000)]
  0x0000000019d30800 JavaThread "C1 CompilerThread3" daemon [_thread_blocked, id=20364, stack(0x000000001a7f0000,0x000000001a8f0000)]
  0x0000000019d23800 JavaThread "C2 CompilerThread2" daemon [_thread_blocked, id=4992, stack(0x000000001a6f0000,0x000000001a7f0000)]
  0x0000000019d21000 JavaThread "C2 CompilerThread1" daemon [_thread_blocked, id=16024, stack(0x000000001a5f0000,0x000000001a6f0000)]
  0x0000000019d1d800 JavaThread "C2 CompilerThread0" daemon [_thread_blocked, id=32548, stack(0x000000001a4f0000,0x000000001a5f0000)]
  0x0000000019d1b800 JavaThread "Attach Listener" daemon [_thread_blocked, id=32696, stack(0x000000001a3f0000,0x000000001a4f0000)]
  0x0000000019d1a000 JavaThread "Signal Dispatcher" daemon [_thread_blocked, id=5148, stack(0x000000001a2f0000,0x000000001a3f0000)]
  0x0000000019d11800 JavaThread "Finalizer" daemon [_thread_blocked, id=9308, stack(0x000000001a0f0000,0x000000001a1f0000)]
  0x0000000002e38800 JavaThread "Reference Handler" daemon [_thread_blocked, id=29820, stack(0x0000000019bf0000,0x0000000019cf0000)]
=>0x0000000002d42800 JavaThread "main" [_thread_in_native, id=21468, stack(0x0000000002c40000,0x0000000002d40000)]

Other Threads:
  0x0000000017e29800 VMThread [stack: 0x0000000019af0000,0x0000000019bf0000] [id=23932]
  0x0000000019dcc000 WatcherThread [stack: 0x000000001a9f0000,0x000000001aaf0000] [id=14696]

VM state:not at safepoint (normal execution)

VM Mutex/Monitor currently owned by a thread: None

Heap:
 PSYoungGen      total 38400K, used 12137K [0x00000000d5a00000, 0x00000000d8480000, 0x0000000100000000)
  eden space 33280K, 21% used [0x00000000d5a00000,0x00000000d6115a60,0x00000000d7a80000)
  from space 5120K, 95% used [0x00000000d7a80000,0x00000000d7f44af8,0x00000000d7f80000)
  to   space 5120K, 0% used [0x00000000d7f80000,0x00000000d7f80000,0x00000000d8480000)
 ParOldGen       total 87552K, used 16K [0x0000000080e00000, 0x0000000086380000, 0x00000000d5a00000)
  object space 87552K, 0% used [0x0000000080e00000,0x0000000080e04000,0x0000000086380000)
 Metaspace       used 9465K, capacity 9764K, committed 9856K, reserved 1058816K
  class space    used 1297K, capacity 1406K, committed 1408K, reserved 1048576K

Card table byte_map: [0x0000000012200000,0x0000000012600000] byte_map_base: 0x0000000011df9000

Marking Bits: (ParMarkBitMap*) 0x000000007565f860
 Begin Bits: [0x00000000130b0000, 0x0000000015078000)
 End Bits:   [0x0000000015078000, 0x0000000017040000)

Polling page: 0x00000000012f0000

CodeCache: size=245760Kb used=2907Kb max_used=2907Kb free=242852Kb
 bounds [0x0000000002e40000, 0x0000000003120000, 0x0000000011e40000]
 total_blobs=1090 nmethods=769 adapters=234
 compilation: enabled

Compilation events (10 events):
Event: 0.622 Thread 0x0000000019d30800  765       3       sun.nio.cs.SingleByte$Encoder::encode (32 bytes)
Event: 0.622 Thread 0x0000000019d30800 nmethod 765 0x0000000003113a10 code [0x0000000003113b80, 0x0000000003113d90]
Event: 0.623 Thread 0x0000000019d30800  764       3       java.lang.ThreadLocal::getMap (5 bytes)
Event: 0.623 Thread 0x0000000019d30800 nmethod 764 0x0000000003116810 code [0x0000000003116960, 0x0000000003116ab0]
Event: 0.623 Thread 0x0000000019d30800  767       3       java.lang.Integer::reverseBytes (26 bytes)
Event: 0.623 Thread 0x0000000019d30800 nmethod 767 0x0000000003116b50 code [0x0000000003116ca0, 0x0000000003116df0]
Event: 0.623 Thread 0x0000000019d30800  768       3       java.lang.StringCoding::deref (19 bytes)
Event: 0.623 Thread 0x0000000019d30800 nmethod 768 0x0000000003116e50 code [0x0000000003116fe0, 0x0000000003117488]
Event: 0.623 Thread 0x0000000019d30800  769       3       java.lang.StringCoding::access$000 (6 bytes)
Event: 0.623 Thread 0x0000000019d30800 nmethod 769 0x00000000031175d0 code [0x0000000003117740, 0x00000000031178f0]

GC Heap History (2 events):
Event: 0.577 GC heap before
{Heap before GC invocations=1 (full 0):
 PSYoungGen      total 38400K, used 33280K [0x00000000d5a00000, 0x00000000d8480000, 0x0000000100000000)
  eden space 33280K, 100% used [0x00000000d5a00000,0x00000000d7a80000,0x00000000d7a80000)
  from space 5120K, 0% used [0x00000000d7f80000,0x00000000d7f80000,0x00000000d8480000)
  to   space 5120K, 0% used [0x00000000d7a80000,0x00000000d7a80000,0x00000000d7f80000)
 ParOldGen       total 87552K, used 0K [0x0000000080e00000, 0x0000000086380000, 0x00000000d5a00000)
  object space 87552K, 0% used [0x0000000080e00000,0x0000000080e00000,0x0000000086380000)
 Metaspace       used 8708K, capacity 8996K, committed 9216K, reserved 1056768K
  class space    used 1178K, capacity 1278K, committed 1280K, reserved 1048576K
Event: 0.581 GC heap after
Heap after GC invocations=1 (full 0):
 PSYoungGen      total 38400K, used 4882K [0x00000000d5a00000, 0x00000000d8480000, 0x0000000100000000)
  eden space 33280K, 0% used [0x00000000d5a00000,0x00000000d5a00000,0x00000000d7a80000)
  from space 5120K, 95% used [0x00000000d7a80000,0x00000000d7f44af8,0x00000000d7f80000)
  to   space 5120K, 0% used [0x00000000d7f80000,0x00000000d7f80000,0x00000000d8480000)
 ParOldGen       total 87552K, used 16K [0x0000000080e00000, 0x0000000086380000, 0x00000000d5a00000)
  object space 87552K, 0% used [0x0000000080e00000,0x0000000080e04000,0x0000000086380000)
 Metaspace       used 8708K, capacity 8996K, committed 9216K, reserved 1056768K
  class space    used 1178K, capacity 1278K, committed 1280K, reserved 1048576K
}

Deoptimization events (8 events):
Event: 0.448 Thread 0x0000000002d42800 Uncommon trap: reason=unstable_if action=reinterpret pc=0x00000000030189c0 method=java.util.regex.Matcher.reset()Ljava/util/regex/Matcher; @ 47
Event: 0.448 Thread 0x0000000002d42800 Uncommon trap: reason=class_check action=maybe_recompile pc=0x000000000301ca4c method=java.util.regex.Matcher.match(II)Z @ 86
Event: 0.448 Thread 0x0000000002d42800 Uncommon trap: reason=class_check action=maybe_recompile pc=0x000000000301ca4c method=java.util.regex.Matcher.match(II)Z @ 86
Event: 0.448 Thread 0x0000000002d42800 Uncommon trap: reason=class_check action=maybe_recompile pc=0x000000000301ca4c method=java.util.regex.Matcher.match(II)Z @ 86
Event: 0.448 Thread 0x0000000002d42800 Uncommon trap: reason=class_check action=maybe_recompile pc=0x000000000301ca4c method=java.util.regex.Matcher.match(II)Z @ 86
Event: 0.569 Thread 0x0000000002d42800 Uncommon trap: reason=unstable_if action=reinterpret pc=0x0000000003097c6c method=java.util.HashMap.hash(Ljava/lang/Object;)I @ 1
Event: 0.608 Thread 0x0000000002d42800 Uncommon trap: reason=unstable_if action=reinterpret pc=0x000000000309a444 method=java.util.HashMap.getNode(ILjava/lang/Object;)Ljava/util/HashMap$Node; @ 129
Event: 0.608 Thread 0x0000000002d42800 Uncommon trap: reason=class_check action=maybe_recompile pc=0x00000000030ac234 method=java.util.HashMap.putVal(ILjava/lang/Object;Ljava/lang/Object;ZZ)Ljava/lang/Object; @ 203

Classes redefined (0 events):
No events

Internal exceptions (10 events):
Event: 0.569 Thread 0x0000000002d42800 Implicit null exception at 0x0000000003097a55 to 0x0000000003097c5d
Event: 0.575 Thread 0x0000000002d42800 Exception <a 'java/lang/ArrayIndexOutOfBoundsException'> (0x00000000d7a2ec60) thrown at [C:\re\workspace\8-2-build-windows-amd64-cygwin\jdk8u161\10277\hotspot\src\share\vm\runtime\sharedRuntime.cpp, line 605]
Event: 0.575 Thread 0x0000000002d42800 Exception <a 'java/lang/ArrayIndexOutOfBoundsException'> (0x00000000d7a33258) thrown at [C:\re\workspace\8-2-build-windows-amd64-cygwin\jdk8u161\10277\hotspot\src\share\vm\runtime\sharedRuntime.cpp, line 605]
Event: 0.583 Thread 0x0000000002d42800 Exception <a 'java/lang/ArrayIndexOutOfBoundsException'> (0x00000000d5a25808) thrown at [C:\re\workspace\8-2-build-windows-amd64-cygwin\jdk8u161\10277\hotspot\src\share\vm\runtime\sharedRuntime.cpp, line 605]
Event: 0.583 Thread 0x0000000002d42800 Exception <a 'java/lang/ArrayIndexOutOfBoundsException'> (0x00000000d5a268e0) thrown at [C:\re\workspace\8-2-build-windows-amd64-cygwin\jdk8u161\10277\hotspot\src\share\vm\runtime\sharedRuntime.cpp, line 605]
Event: 0.583 Thread 0x0000000002d42800 Exception <a 'java/lang/ArrayIndexOutOfBoundsException'> (0x00000000d5a29ec0) thrown at [C:\re\workspace\8-2-build-windows-amd64-cygwin\jdk8u161\10277\hotspot\src\share\vm\runtime\sharedRuntime.cpp, line 605]
Event: 0.583 Thread 0x0000000002d42800 Exception <a 'java/lang/ArrayIndexOutOfBoundsException'> (0x00000000d5a2d018) thrown at [C:\re\workspace\8-2-build-windows-amd64-cygwin\jdk8u161\10277\hotspot\src\share\vm\runtime\sharedRuntime.cpp, line 605]
Event: 0.583 Thread 0x0000000002d42800 Exception <a 'java/lang/ArrayIndexOutOfBoundsException'> (0x00000000d5a2f190) thrown at [C:\re\workspace\8-2-build-windows-amd64-cygwin\jdk8u161\10277\hotspot\src\share\vm\runtime\sharedRuntime.cpp, line 605]
Event: 0.583 Thread 0x0000000002d42800 Exception <a 'java/lang/ArrayIndexOutOfBoundsException'> (0x00000000d5a30a00) thrown at [C:\re\workspace\8-2-build-windows-amd64-cygwin\jdk8u161\10277\hotspot\src\share\vm\runtime\sharedRuntime.cpp, line 605]
Event: 0.583 Thread 0x0000000002d42800 Exception <a 'java/lang/ArrayIndexOutOfBoundsException'> (0x00000000d5a32ee8) thrown at [C:\re\workspace\8-2-build-windows-amd64-cygwin\jdk8u161\10277\hotspot\src\share\vm\runtime\sharedRuntime.cpp, line 605]

Events (10 events):
Event: 0.622 loading class sun/security/provider/SeedGenerator$1
Event: 0.622 loading class sun/security/provider/SeedGenerator$1 done
Event: 0.623 loading class java/net/NetworkInterface
Event: 0.623 loading class java/net/NetworkInterface done
Event: 0.623 loading class java/net/NetworkInterface$1
Event: 0.623 loading class java/net/NetworkInterface$1 done
Event: 0.623 loading class java/net/InterfaceAddress
Event: 0.623 loading class java/net/InterfaceAddress done
Event: 0.623 loading class java/net/DefaultInterface
Event: 0.623 loading class java/net/DefaultInterface done


Dynamic libraries:
0x00007ff6f82f0000 - 0x00007ff6f8327000 	C:\Program Files\Java\jdk1.8.0_161\bin\java.exe
0x00007ff839130000 - 0x00007ff839325000 	C:\WINDOWS\SYSTEM32\ntdll.dll
0x00007ff838320000 - 0x00007ff8383dd000 	C:\WINDOWS\System32\KERNEL32.DLL
0x00007ff836860000 - 0x00007ff836b29000 	C:\WINDOWS\System32\KERNELBASE.dll
0x00007ff838a70000 - 0x00007ff838b1c000 	C:\WINDOWS\System32\ADVAPI32.dll
0x00007ff837510000 - 0x00007ff8375ae000 	C:\WINDOWS\System32\msvcrt.dll
0x00007ff839050000 - 0x00007ff8390eb000 	C:\WINDOWS\System32\sechost.dll
0x00007ff8383e0000 - 0x00007ff83850a000 	C:\WINDOWS\System32\RPCRT4.dll
0x00007ff838b20000 - 0x00007ff838cc0000 	C:\WINDOWS\System32\USER32.dll
0x00007ff836dc0000 - 0x00007ff836de2000 	C:\WINDOWS\System32\win32u.dll
0x00007ff838770000 - 0x00007ff83879a000 	C:\WINDOWS\System32\GDI32.dll
0x00007ff836e80000 - 0x00007ff836f8b000 	C:\WINDOWS\System32\gdi32full.dll
0x00007ff8370f0000 - 0x00007ff83718d000 	C:\WINDOWS\System32\msvcp_win.dll
0x00007ff836c90000 - 0x00007ff836d90000 	C:\WINDOWS\System32\ucrtbase.dll
0x00007ff8226b0000 - 0x00007ff82294a000 	C:\WINDOWS\WinSxS\amd64_microsoft.windows.common-controls_6595b64144ccf1df_6.0.19041.1110_none_60b5254171f9507e\COMCTL32.dll
0x00007ff838cc0000 - 0x00007ff838cf0000 	C:\WINDOWS\System32\IMM32.DLL
0x00000000758b0000 - 0x0000000075982000 	C:\Program Files\Java\jdk1.8.0_161\jre\bin\msvcr100.dll
0x0000000074e40000 - 0x00000000756df000 	C:\Program Files\Java\jdk1.8.0_161\jre\bin\server\jvm.dll
0x00007ff837380000 - 0x00007ff837388000 	C:\WINDOWS\System32\PSAPI.DLL
0x00007ff828050000 - 0x00007ff828059000 	C:\WINDOWS\SYSTEM32\WSOCK32.dll
0x00007ff823220000 - 0x00007ff823247000 	C:\WINDOWS\SYSTEM32\WINMM.dll
0x00007ff830330000 - 0x00007ff83033a000 	C:\WINDOWS\SYSTEM32\VERSION.dll
0x00007ff838700000 - 0x00007ff83876b000 	C:\WINDOWS\System32\WS2_32.dll
0x00000000771b0000 - 0x00000000771bf000 	C:\Program Files\Java\jdk1.8.0_161\jre\bin\verify.dll
0x0000000076f60000 - 0x0000000076f89000 	C:\Program Files\Java\jdk1.8.0_161\jre\bin\java.dll
0x0000000076f00000 - 0x0000000076f16000 	C:\Program Files\Java\jdk1.8.0_161\jre\bin\zip.dll
0x00007ff837be0000 - 0x00007ff83831f000 	C:\WINDOWS\System32\SHELL32.dll
0x00007ff834990000 - 0x00007ff835120000 	C:\WINDOWS\SYSTEM32\windows.storage.dll
0x00007ff838cf0000 - 0x00007ff839045000 	C:\WINDOWS\System32\combase.dll
0x00007ff8362c0000 - 0x00007ff8362ec000 	C:\WINDOWS\SYSTEM32\Wldp.dll
0x00007ff8388d0000 - 0x00007ff83897e000 	C:\WINDOWS\System32\SHCORE.dll
0x00007ff838510000 - 0x00007ff838565000 	C:\WINDOWS\System32\shlwapi.dll
0x00007ff8367a0000 - 0x00007ff8367bf000 	C:\WINDOWS\SYSTEM32\profapi.dll
0x0000000074e20000 - 0x0000000074e3a000 	C:\Program Files\Java\jdk1.8.0_161\jre\bin\net.dll
0x00007ff836020000 - 0x00007ff83608a000 	C:\WINDOWS\system32\mswsock.dll
0x0000000074e00000 - 0x0000000074e11000 	C:\Program Files\Java\jdk1.8.0_161\jre\bin\nio.dll
0x00007ff827880000 - 0x00007ff8278a7000 	C:\Users\Chris\.gradle\native\f6784746aeab05261644944871eae4fe03e0ef1612fff0a4a95f87b438bc6780\windows-amd64\native-platform.dll
0x00000000771a0000 - 0x00000000771ad000 	C:\Program Files\Java\jdk1.8.0_161\jre\bin\management.dll
0x00007ff836210000 - 0x00007ff836228000 	C:\WINDOWS\SYSTEM32\CRYPTSP.dll
0x00007ff835930000 - 0x00007ff835964000 	C:\WINDOWS\system32\rsaenh.dll
0x00007ff836d90000 - 0x00007ff836db7000 	C:\WINDOWS\System32\bcrypt.dll
0x00007ff836720000 - 0x00007ff83674e000 	C:\WINDOWS\SYSTEM32\USERENV.dll
0x00007ff836df0000 - 0x00007ff836e73000 	C:\WINDOWS\System32\bcryptprimitives.dll
0x00007ff836230000 - 0x00007ff83623c000 	C:\WINDOWS\SYSTEM32\CRYPTBASE.dll
0x00007ff82f640000 - 0x00007ff82f824000 	C:\WINDOWS\SYSTEM32\dbghelp.dll

VM Arguments:
jvm_args: -Dorg.gradle.appname=gradlew 
java_command: org.gradle.wrapper.GradleWrapperMain cdvBuildDebug -b D:\My Programs\PhoneGap apps\Glowr\platforms\android\build.gradle
java_class_path (initial): D:\My Programs\PhoneGap apps\Glowr\platforms\android\\gradle\wrapper\gradle-wrapper.jar
Launcher Type: SUN_STANDARD

Environment Variables:
JAVA_HOME=C:\Program Files\Java\jdk1.8.0_161
CLASSPATH=D:\My Programs\PhoneGap apps\Glowr\platforms\android\\gradle\wrapper\gradle-wrapper.jar
PATH=C:\Program Files (x86)\PHP\v7.1;C:\WINDOWS\system32;C:\WINDOWS;C:\WINDOWS\System32\Wbem;C:\Program Files (x86)\Microsoft SQL Server Migration Assistant for Access\bin\;C:\WINDOWS\System32\WindowsPowerShell\v1.0\;C:\Program Files (x86)\Skype\Phone\;C:\Program Files (x86)\GtkSharp\2.12\bin;C:\Program Files\Microsoft\Web Platform Installer\;C:\Program Files\Microsoft SQL Server\130\Tools\Binn\;C:\Program Files\dotnet\;C:\Program Files (x86)\Microsoft SQL Server\110\Tools\Binn\;C:\Program Files\Microsoft SQL Server\110\Tools\Binn\;C:\Program Files\Microsoft SQL Server\110\DTS\Binn\;C:\Program Files (x86)\Microsoft SQL Server\110\Tools\Binn\ManagementStudio\;C:\Program Files (x86)\Microsoft SQL Server\110\DTS\Binn\;C:\Program Files\Heroku\bin;C:\Program Files (x86)\NVIDIA Corporation\PhysX\Common;C:\WINDOWS\system32;C:\WINDOWS;C:\WINDOWS\System32\Wbem;C:\WINDOWS\System32\WindowsPowerShell\v1.0\;C:\Program Files\Git\cmd;C:\Program Files (x86)\Gradle\bin;C:\WINDOWS\System32\OpenSSH\;C:\Program Files (x86)\Microsoft VS Code\bin;C:\Program Files\Git\bin\;C:\Program Files\nodejs\;C:\Program Files\OpenSSL-Win64\bin;C:\ProgramData\ComposerSetup\bin;C:\Program Files\k6\;C:\Users\Chris\.dnx\bin;C:\Program Files\Java\jre1.8.0_60\bin;C:\Program Files\nodejs;C:\Program Files (x86)\Microsoft VS Code\bin;C:\Users\Chris\AppData\Local\Microsoft\WindowsApps;C:\Program Files\ffmpeg\bin\;C:\Program Files\Java\jdk1.8.0_161\bin;C:\Users\Chris\AppData\Local\GitHubDesktop\bin;C:\Users\Chris\AppData\Local\Microsoft\WindowsApps;C:\Users\Chris\AppData\Roaming\npm;C:\Dev\flutter\bin;C:\Dev\android-sdk\platform-tools;C:\Program Files\Mongo Shell;;C:\Dev\android-sdk\tools;C:\Dev\android-sdk\tools\bin
USERNAME=Chris
OS=Windows_NT
PROCESSOR_IDENTIFIER=Intel64 Family 6 Model 60 Stepping 3, GenuineIntel



---------------  S Y S T E M  ---------------

OS: Windows 10.0 , 64 bit Build 19041 (10.0.19041.1151)

CPU:total 8 (initial active 8) (4 cores per cpu, 2 threads per core) family 6 model 60 stepping 3, cmov, cx8, fxsr, mmx, sse, sse2, sse3, ssse3, sse4.1, sse4.2, popcnt, avx, avx2, aes, clmul, erms, lzcnt, ht, tsc, tscinvbit, bmi1, bmi2

Memory: 4k page, physical 8330092k(386356k free), swap 33495916k(3096k free)

vm_info: Java HotSpot(TM) 64-Bit Server VM (25.161-b12) for windows-amd64 JRE (1.8.0_161-b12), built on Dec 19 2017 17:52:25 by "java_re" with MS VC++ 10.0 (VS2010)

time: Tue Aug 31 07:51:03 2021
elapsed time: 0 seconds (0d 0h 0m 0s)

